[INFO ] 2018-03-04 21:12:49,856                web.CommentServiceTest     - fdsfsdfsdf
[DEBUG] 2018-03-04 21:18:57,319                web.CommentServiceTest     - 6
[DEBUG] 2018-03-04 21:19:45,301                web.CommentServiceTest     - 0
[DEBUG] 2018-03-04 21:21:12,959                web.CommentServiceTest     - 0
[DEBUG] 2018-03-04 21:21:41,532                web.CommentServiceTest     - 9
[DEBUG] 2018-03-04 21:22:06,945                web.CommentServiceTest     - 评论内容1
[DEBUG] 2018-03-04 21:23:51,695                web.CommentServiceTest     - 评论内容1
[DEBUG] 2018-03-04 21:23:51,697                web.CommentServiceTest     - 评论内容1
[DEBUG] 2018-03-04 21:23:51,697                web.CommentServiceTest     - 评论内容2
[DEBUG] 2018-03-04 21:23:51,699                web.CommentServiceTest     - 评论内容3
[DEBUG] 2018-03-04 21:23:51,699                web.CommentServiceTest     - 评论内容1
[DEBUG] 2018-03-04 21:23:51,699                web.CommentServiceTest     - 测试内容
[DEBUG] 2018-03-04 21:25:00,401                web.CommentServiceTest     - 评论内容1
[DEBUG] 2018-03-04 21:25:00,402                web.CommentServiceTest     - 评论内容1
[DEBUG] 2018-03-04 21:25:00,403                web.CommentServiceTest     - 评论内容2
[DEBUG] 2018-03-04 21:25:00,403                web.CommentServiceTest     - 评论内容3
[DEBUG] 2018-03-04 21:25:00,403                web.CommentServiceTest     - 评论内容1
[DEBUG] 2018-03-04 21:25:00,403                web.CommentServiceTest     - 测试内容
[DEBUG] 2018-03-04 21:25:00,403                web.CommentServiceTest     - 测试内容2
[DEBUG] 2018-03-04 21:27:00,326                web.CommentServiceTest     - 评论内容1
[DEBUG] 2018-03-04 21:27:00,328                web.CommentServiceTest     - 评论内容1 id为1
[DEBUG] 2018-03-04 21:27:00,328                web.CommentServiceTest     - 评论内容2 id为2
[DEBUG] 2018-03-04 21:27:00,329                web.CommentServiceTest     - 评论内容3 id为3
[DEBUG] 2018-03-04 21:27:00,329                web.CommentServiceTest     - 评论内容1 id为4
[DEBUG] 2018-03-04 21:27:00,329                web.CommentServiceTest     - 测试内容 id为14
[DEBUG] 2018-03-04 21:27:00,329                web.CommentServiceTest     - 测试内容2 id为15
[DEBUG] 2018-03-04 21:27:00,329                web.CommentServiceTest     - 15
[DEBUG] 2018-03-04 21:28:25,732                web.CommentServiceTest     - 评论内容1
[DEBUG] 2018-03-04 21:28:25,734                web.CommentServiceTest     - 评论内容1 id为1
[DEBUG] 2018-03-04 21:28:25,734                web.CommentServiceTest     - 评论内容2 id为2
[DEBUG] 2018-03-04 21:28:25,734                web.CommentServiceTest     - 评论内容3 id为3
[DEBUG] 2018-03-04 21:28:25,734                web.CommentServiceTest     - 评论内容1 id为4
[DEBUG] 2018-03-04 21:28:25,735                web.CommentServiceTest     - 测试内容 id为16
[DEBUG] 2018-03-04 21:28:25,735                web.CommentServiceTest     - 测试内容2 id为17
[DEBUG] 2018-03-04 21:28:25,735                web.CommentServiceTest     - 17
[DEBUG] 2018-03-04 21:31:32,065                web.CommentServiceTest     - zhou
[DEBUG] 2018-03-04 23:00:38,342                web.CommentServiceTest     - zhou
[DEBUG] 2018-03-04 23:00:38,417                web.CommentServiceTest     - zhou
